[2020-01-14 21:39:13 main.py:47] INFO     datapath:/home/zhangfz/data/MNIST/train.csv
[2020-01-14 21:39:13 main.py:47] INFO     epoch:20
[2020-01-14 21:39:13 main.py:47] INFO     gamma:0.7
[2020-01-14 21:39:13 main.py:47] INFO     gpu:0
[2020-01-14 21:39:13 main.py:47] INFO     lr:0.01
[2020-01-14 21:39:13 main.py:47] INFO     momentum:0.9
[2020-01-14 21:39:13 main.py:47] INFO     resume:None
[2020-01-14 21:39:13 main.py:47] INFO     save_path:./results
[2020-01-14 21:39:13 main.py:47] INFO     stepsize:1
[2020-01-14 21:39:13 main.py:47] INFO     train_bsize:4
[2020-01-14 21:39:13 main.py:47] INFO     val_bsize:1
[2020-01-14 21:39:22 main.py:57] INFO     Number of model parameters: 61610
[2020-01-14 21:39:22 main.py:73] INFO     Not Resume
[2020-01-14 21:39:22 main.py:77] INFO     This is 0-th epoch
[2020-01-14 21:39:23 main.py:109] INFO     Epoch: 1/20   Training Loss: 2.280
[2020-01-14 21:39:24 main.py:109] INFO     Epoch: 1/20   Training Loss: 1.181
[2020-01-14 21:39:26 main.py:109] INFO     Epoch: 1/20   Training Loss: 0.076
[2020-01-14 21:39:27 main.py:109] INFO     Epoch: 1/20   Training Loss: 0.597
[2020-01-14 21:39:29 main.py:109] INFO     Epoch: 1/20   Training Loss: 0.271
[2020-01-14 21:39:30 main.py:109] INFO     Epoch: 1/20   Training Loss: 0.833
[2020-01-14 21:39:32 main.py:109] INFO     Epoch: 1/20   Training Loss: 0.004
[2020-01-14 21:39:33 main.py:109] INFO     Epoch: 1/20   Training Loss: 0.056
[2020-01-14 21:39:35 main.py:109] INFO     Epoch: 1/20   Training Loss: 0.720
[2020-01-14 21:39:37 main.py:109] INFO     Epoch: 1/20   Training Loss: 0.443
[2020-01-14 21:39:38 main.py:109] INFO     Epoch: 1/20   Training Loss: 1.373
[2020-01-14 21:39:40 main.py:109] INFO     Epoch: 1/20   Training Loss: 0.379
[2020-01-14 21:39:41 main.py:109] INFO     Epoch: 1/20   Training Loss: 0.003
[2020-01-14 21:39:43 main.py:109] INFO     Epoch: 1/20   Training Loss: 0.364
[2020-01-14 21:39:44 main.py:109] INFO     Epoch: 1/20   Training Loss: 0.000
[2020-01-14 21:39:46 main.py:109] INFO     Epoch: 1/20   Training Loss: 1.514
[2020-01-14 21:39:48 main.py:109] INFO     Epoch: 1/20   Training Loss: 0.000
[2020-01-14 21:39:49 main.py:109] INFO     Epoch: 1/20   Training Loss: 0.003
[2020-01-14 21:41:09 main.py:47] INFO     datapath:/home/zhangfz/data/MNIST/train.csv
[2020-01-14 21:41:09 main.py:47] INFO     epoch:20
[2020-01-14 21:41:09 main.py:47] INFO     gamma:0.7
[2020-01-14 21:41:09 main.py:47] INFO     gpu:0
[2020-01-14 21:41:09 main.py:47] INFO     lr:0.01
[2020-01-14 21:41:09 main.py:47] INFO     momentum:0.9
[2020-01-14 21:41:09 main.py:47] INFO     resume:./results/checkpoint.pth
[2020-01-14 21:41:09 main.py:47] INFO     save_path:./results
[2020-01-14 21:41:09 main.py:47] INFO     stepsize:1
[2020-01-14 21:41:09 main.py:47] INFO     train_bsize:4
[2020-01-14 21:41:09 main.py:47] INFO     val_bsize:1
[2020-01-14 21:41:43 main.py:47] INFO     datapath:/home/zhangfz/data/MNIST/train.csv
[2020-01-14 21:41:43 main.py:47] INFO     epoch:20
[2020-01-14 21:41:43 main.py:47] INFO     gamma:0.7
[2020-01-14 21:41:43 main.py:47] INFO     gpu:0,1,2,3,4,5,6,7
[2020-01-14 21:41:43 main.py:47] INFO     lr:0.01
[2020-01-14 21:41:43 main.py:47] INFO     momentum:0.9
[2020-01-14 21:41:43 main.py:47] INFO     resume:./results/checkpoint.pth
[2020-01-14 21:41:43 main.py:47] INFO     save_path:./results
[2020-01-14 21:41:43 main.py:47] INFO     stepsize:1
[2020-01-14 21:41:43 main.py:47] INFO     train_bsize:4
[2020-01-14 21:41:43 main.py:47] INFO     val_bsize:1
[2020-01-14 21:42:41 main.py:48] INFO     datapath:/home/zhangfz/data/MNIST/train.csv
[2020-01-14 21:42:41 main.py:48] INFO     epoch:20
[2020-01-14 21:42:41 main.py:48] INFO     gamma:0.7
[2020-01-14 21:42:41 main.py:48] INFO     gpu:0,1,2,3,4,5,6,7
[2020-01-14 21:42:41 main.py:48] INFO     lr:0.01
[2020-01-14 21:42:41 main.py:48] INFO     momentum:0.9
[2020-01-14 21:42:41 main.py:48] INFO     resume:./results/checkpoint.pth
[2020-01-14 21:42:41 main.py:48] INFO     save_path:./results
[2020-01-14 21:42:41 main.py:48] INFO     stepsize:1
[2020-01-14 21:42:41 main.py:48] INFO     train_bsize:4
[2020-01-14 21:42:41 main.py:48] INFO     val_bsize:1
[2020-01-14 21:42:45 main.py:58] INFO     Number of model parameters: 61610
[2020-01-14 21:42:45 main.py:63] INFO     => loading checkpoint './results/checkpoint.pth'
[2020-01-14 21:44:11 main.py:48] INFO     datapath:/home/zhangfz/data/MNIST/train.csv
[2020-01-14 21:44:11 main.py:48] INFO     epoch:20
[2020-01-14 21:44:11 main.py:48] INFO     gamma:0.7
[2020-01-14 21:44:11 main.py:48] INFO     gpu:0,1,2,3,4,5,6,7
[2020-01-14 21:44:11 main.py:48] INFO     lr:0.01
[2020-01-14 21:44:11 main.py:48] INFO     momentum:0.9
[2020-01-14 21:44:11 main.py:48] INFO     resume:./results/checkpoint.pth
[2020-01-14 21:44:11 main.py:48] INFO     save_path:./results
[2020-01-14 21:44:11 main.py:48] INFO     stepsize:1
[2020-01-14 21:44:11 main.py:48] INFO     train_bsize:20
[2020-01-14 21:44:11 main.py:48] INFO     val_bsize:1
[2020-01-14 21:44:15 main.py:58] INFO     Number of model parameters: 61610
[2020-01-14 21:44:15 main.py:63] INFO     => loading checkpoint './results/checkpoint.pth'
[2020-01-14 21:54:34 main.py:48] INFO     datapath:/home/zhangfz/data/MNIST/train.csv
[2020-01-14 21:54:34 main.py:48] INFO     epoch:20
[2020-01-14 21:54:34 main.py:48] INFO     gamma:0.7
[2020-01-14 21:54:34 main.py:48] INFO     gpu:0
[2020-01-14 21:54:34 main.py:48] INFO     lr:0.01
[2020-01-14 21:54:34 main.py:48] INFO     momentum:0.9
[2020-01-14 21:54:34 main.py:48] INFO     resume:./results/checkpoint.pth
[2020-01-14 21:54:34 main.py:48] INFO     save_path:./results
[2020-01-14 21:54:34 main.py:48] INFO     stepsize:1
[2020-01-14 21:54:34 main.py:48] INFO     train_bsize:20
[2020-01-14 21:54:34 main.py:48] INFO     val_bsize:1
[2020-01-14 21:54:41 main.py:58] INFO     Number of model parameters: 61610
[2020-01-14 21:54:41 main.py:63] INFO     => loading checkpoint './results/checkpoint.pth'
[2020-01-14 21:54:41 main.py:69] INFO     => loaded checkpoint './results/checkpoint.pth'(epoch 0)
[2020-01-14 21:54:41 main.py:78] INFO     This is 0-th epoch
[2020-01-14 21:54:41 main.py:110] INFO     Epoch: 1/20   Training Loss: 0.155
[2020-01-14 21:54:43 main.py:110] INFO     Epoch: 1/20   Training Loss: 0.094
[2020-01-14 21:54:44 main.py:110] INFO     Epoch: 1/20   Training Loss: 0.015
[2020-01-14 21:54:46 main.py:110] INFO     Epoch: 1/20   Training Loss: 0.269
[2020-01-14 21:54:57 main.py:127] INFO     Epoch: 1/20    Test Average loss: 0.000, Accuracy: 6187/6300 (98.21%)
[2020-01-14 21:54:57 main.py:78] INFO     This is 1-th epoch
[2020-01-14 21:54:57 main.py:110] INFO     Epoch: 2/20   Training Loss: 0.061
[2020-01-14 21:54:59 main.py:110] INFO     Epoch: 2/20   Training Loss: 0.029
[2020-01-14 21:55:00 main.py:110] INFO     Epoch: 2/20   Training Loss: 0.030
[2020-01-14 21:55:02 main.py:110] INFO     Epoch: 2/20   Training Loss: 0.230
[2020-01-14 21:55:13 main.py:127] INFO     Epoch: 2/20    Test Average loss: 0.000, Accuracy: 6217/6300 (98.68%)
[2020-01-14 21:55:13 main.py:78] INFO     This is 2-th epoch
[2020-01-14 21:55:13 main.py:110] INFO     Epoch: 3/20   Training Loss: 0.023
[2020-01-14 21:55:15 main.py:110] INFO     Epoch: 3/20   Training Loss: 0.008
[2020-01-14 21:55:16 main.py:110] INFO     Epoch: 3/20   Training Loss: 0.017
[2020-01-14 21:55:18 main.py:110] INFO     Epoch: 3/20   Training Loss: 0.253
[2020-01-14 21:55:29 main.py:127] INFO     Epoch: 3/20    Test Average loss: 0.000, Accuracy: 6221/6300 (98.75%)
[2020-01-14 21:55:29 main.py:78] INFO     This is 3-th epoch
[2020-01-14 21:55:29 main.py:110] INFO     Epoch: 4/20   Training Loss: 0.014
[2020-01-14 21:55:30 main.py:110] INFO     Epoch: 4/20   Training Loss: 0.003
[2020-01-14 21:55:32 main.py:110] INFO     Epoch: 4/20   Training Loss: 0.007
[2020-01-14 21:55:33 main.py:110] INFO     Epoch: 4/20   Training Loss: 0.214
[2020-01-14 21:55:45 main.py:127] INFO     Epoch: 4/20    Test Average loss: 0.000, Accuracy: 6225/6300 (98.81%)
[2020-01-14 21:55:45 main.py:78] INFO     This is 4-th epoch
[2020-01-14 21:55:45 main.py:110] INFO     Epoch: 5/20   Training Loss: 0.007
[2020-01-14 21:55:46 main.py:110] INFO     Epoch: 5/20   Training Loss: 0.002
[2020-01-14 21:55:48 main.py:110] INFO     Epoch: 5/20   Training Loss: 0.004
[2020-01-14 21:55:50 main.py:110] INFO     Epoch: 5/20   Training Loss: 0.193
[2020-01-14 21:56:01 main.py:127] INFO     Epoch: 5/20    Test Average loss: 0.000, Accuracy: 6224/6300 (98.79%)
[2020-01-14 21:56:01 main.py:78] INFO     This is 5-th epoch
[2020-01-14 21:56:01 main.py:110] INFO     Epoch: 6/20   Training Loss: 0.005
[2020-01-14 21:56:03 main.py:110] INFO     Epoch: 6/20   Training Loss: 0.001
[2020-01-14 21:56:05 main.py:110] INFO     Epoch: 6/20   Training Loss: 0.003
[2020-01-14 21:56:06 main.py:110] INFO     Epoch: 6/20   Training Loss: 0.185
[2020-01-14 21:56:17 main.py:127] INFO     Epoch: 6/20    Test Average loss: 0.000, Accuracy: 6226/6300 (98.83%)
[2020-01-14 21:56:17 main.py:78] INFO     This is 6-th epoch
[2020-01-14 21:56:17 main.py:110] INFO     Epoch: 7/20   Training Loss: 0.004
[2020-01-14 21:56:19 main.py:110] INFO     Epoch: 7/20   Training Loss: 0.001
[2020-01-14 21:56:21 main.py:110] INFO     Epoch: 7/20   Training Loss: 0.002
[2020-01-14 21:56:22 main.py:110] INFO     Epoch: 7/20   Training Loss: 0.180
[2020-01-14 21:56:34 main.py:127] INFO     Epoch: 7/20    Test Average loss: 0.000, Accuracy: 6228/6300 (98.86%)
[2020-01-14 21:56:34 main.py:78] INFO     This is 7-th epoch
[2020-01-14 21:56:34 main.py:110] INFO     Epoch: 8/20   Training Loss: 0.003
[2020-01-14 21:56:36 main.py:110] INFO     Epoch: 8/20   Training Loss: 0.001
[2020-01-14 21:56:37 main.py:110] INFO     Epoch: 8/20   Training Loss: 0.002
[2020-01-14 21:56:39 main.py:110] INFO     Epoch: 8/20   Training Loss: 0.174
[2020-01-14 21:56:50 main.py:127] INFO     Epoch: 8/20    Test Average loss: 0.000, Accuracy: 6231/6300 (98.90%)
[2020-01-14 21:56:50 main.py:78] INFO     This is 8-th epoch
[2020-01-14 21:56:50 main.py:110] INFO     Epoch: 9/20   Training Loss: 0.002
[2020-01-14 21:56:52 main.py:110] INFO     Epoch: 9/20   Training Loss: 0.001
[2020-01-14 21:56:53 main.py:110] INFO     Epoch: 9/20   Training Loss: 0.002
[2020-01-14 21:56:55 main.py:110] INFO     Epoch: 9/20   Training Loss: 0.169
[2020-01-14 21:57:06 main.py:127] INFO     Epoch: 9/20    Test Average loss: 0.000, Accuracy: 6231/6300 (98.90%)
[2020-01-14 21:57:06 main.py:78] INFO     This is 9-th epoch
[2020-01-14 21:57:06 main.py:110] INFO     Epoch: 10/20   Training Loss: 0.002
[2020-01-14 21:57:08 main.py:110] INFO     Epoch: 10/20   Training Loss: 0.001
[2020-01-14 21:57:10 main.py:110] INFO     Epoch: 10/20   Training Loss: 0.002
[2020-01-14 21:57:12 main.py:110] INFO     Epoch: 10/20   Training Loss: 0.167
[2020-01-14 21:57:23 main.py:127] INFO     Epoch: 10/20    Test Average loss: 0.000, Accuracy: 6229/6300 (98.87%)
[2020-01-14 21:57:23 main.py:78] INFO     This is 10-th epoch
[2020-01-14 21:57:23 main.py:110] INFO     Epoch: 11/20   Training Loss: 0.002
[2020-01-14 21:57:25 main.py:110] INFO     Epoch: 11/20   Training Loss: 0.001
[2020-01-14 21:57:26 main.py:110] INFO     Epoch: 11/20   Training Loss: 0.002
[2020-01-14 21:57:28 main.py:110] INFO     Epoch: 11/20   Training Loss: 0.164
[2020-01-14 21:57:39 main.py:127] INFO     Epoch: 11/20    Test Average loss: 0.000, Accuracy: 6228/6300 (98.86%)
[2020-01-14 21:57:39 main.py:78] INFO     This is 11-th epoch
[2020-01-14 21:57:39 main.py:110] INFO     Epoch: 12/20   Training Loss: 0.002
[2020-01-14 21:57:41 main.py:110] INFO     Epoch: 12/20   Training Loss: 0.001
[2020-01-14 21:57:42 main.py:110] INFO     Epoch: 12/20   Training Loss: 0.002
[2020-01-14 21:57:44 main.py:110] INFO     Epoch: 12/20   Training Loss: 0.163
[2020-01-14 21:57:55 main.py:127] INFO     Epoch: 12/20    Test Average loss: 0.000, Accuracy: 6227/6300 (98.84%)
[2020-01-14 21:57:55 main.py:78] INFO     This is 12-th epoch
[2020-01-14 21:57:55 main.py:110] INFO     Epoch: 13/20   Training Loss: 0.002
[2020-01-14 21:57:57 main.py:110] INFO     Epoch: 13/20   Training Loss: 0.000
[2020-01-14 21:57:59 main.py:110] INFO     Epoch: 13/20   Training Loss: 0.002
[2020-01-14 21:58:01 main.py:110] INFO     Epoch: 13/20   Training Loss: 0.162
[2020-01-14 21:58:12 main.py:127] INFO     Epoch: 13/20    Test Average loss: 0.000, Accuracy: 6226/6300 (98.83%)
[2020-01-14 21:58:12 main.py:78] INFO     This is 13-th epoch
[2020-01-14 21:58:12 main.py:110] INFO     Epoch: 14/20   Training Loss: 0.002
[2020-01-14 21:58:14 main.py:110] INFO     Epoch: 14/20   Training Loss: 0.000
[2020-01-14 21:58:15 main.py:110] INFO     Epoch: 14/20   Training Loss: 0.002
[2020-01-14 21:58:17 main.py:110] INFO     Epoch: 14/20   Training Loss: 0.161
[2020-01-14 21:58:28 main.py:127] INFO     Epoch: 14/20    Test Average loss: 0.000, Accuracy: 6226/6300 (98.83%)
[2020-01-14 21:58:28 main.py:78] INFO     This is 14-th epoch
[2020-01-14 21:58:28 main.py:110] INFO     Epoch: 15/20   Training Loss: 0.002
[2020-01-14 21:58:30 main.py:110] INFO     Epoch: 15/20   Training Loss: 0.000
[2020-01-14 21:58:32 main.py:110] INFO     Epoch: 15/20   Training Loss: 0.002
[2020-01-14 21:58:33 main.py:110] INFO     Epoch: 15/20   Training Loss: 0.161
[2020-01-14 21:58:44 main.py:127] INFO     Epoch: 15/20    Test Average loss: 0.000, Accuracy: 6226/6300 (98.83%)
[2020-01-14 21:58:44 main.py:78] INFO     This is 15-th epoch
[2020-01-14 21:58:45 main.py:110] INFO     Epoch: 16/20   Training Loss: 0.002
[2020-01-14 21:58:46 main.py:110] INFO     Epoch: 16/20   Training Loss: 0.000
[2020-01-14 21:58:48 main.py:110] INFO     Epoch: 16/20   Training Loss: 0.002
[2020-01-14 21:58:50 main.py:110] INFO     Epoch: 16/20   Training Loss: 0.161
[2020-01-14 21:59:01 main.py:127] INFO     Epoch: 16/20    Test Average loss: 0.000, Accuracy: 6226/6300 (98.83%)
[2020-01-14 21:59:01 main.py:78] INFO     This is 16-th epoch
[2020-01-14 21:59:01 main.py:110] INFO     Epoch: 17/20   Training Loss: 0.002
[2020-01-14 21:59:03 main.py:110] INFO     Epoch: 17/20   Training Loss: 0.000
[2020-01-14 21:59:04 main.py:110] INFO     Epoch: 17/20   Training Loss: 0.002
[2020-01-14 21:59:06 main.py:110] INFO     Epoch: 17/20   Training Loss: 0.161
[2020-01-14 21:59:16 main.py:127] INFO     Epoch: 17/20    Test Average loss: 0.000, Accuracy: 6226/6300 (98.83%)
[2020-01-14 21:59:16 main.py:78] INFO     This is 17-th epoch
[2020-01-14 21:59:16 main.py:110] INFO     Epoch: 18/20   Training Loss: 0.002
[2020-01-14 21:59:18 main.py:110] INFO     Epoch: 18/20   Training Loss: 0.000
[2020-01-14 21:59:20 main.py:110] INFO     Epoch: 18/20   Training Loss: 0.002
[2020-01-14 21:59:21 main.py:110] INFO     Epoch: 18/20   Training Loss: 0.160
[2020-01-14 21:59:32 main.py:127] INFO     Epoch: 18/20    Test Average loss: 0.000, Accuracy: 6226/6300 (98.83%)
[2020-01-14 21:59:32 main.py:78] INFO     This is 18-th epoch
[2020-01-14 21:59:32 main.py:110] INFO     Epoch: 19/20   Training Loss: 0.002
[2020-01-14 21:59:34 main.py:110] INFO     Epoch: 19/20   Training Loss: 0.000
[2020-01-14 21:59:35 main.py:110] INFO     Epoch: 19/20   Training Loss: 0.002
[2020-01-14 21:59:37 main.py:110] INFO     Epoch: 19/20   Training Loss: 0.160
[2020-01-14 21:59:48 main.py:127] INFO     Epoch: 19/20    Test Average loss: 0.000, Accuracy: 6226/6300 (98.83%)
[2020-01-14 21:59:48 main.py:78] INFO     This is 19-th epoch
[2020-01-14 21:59:48 main.py:110] INFO     Epoch: 20/20   Training Loss: 0.002
[2020-01-14 21:59:50 main.py:110] INFO     Epoch: 20/20   Training Loss: 0.000
[2020-01-14 21:59:52 main.py:110] INFO     Epoch: 20/20   Training Loss: 0.002
[2020-01-14 21:59:54 main.py:110] INFO     Epoch: 20/20   Training Loss: 0.160
[2020-01-14 22:00:05 main.py:127] INFO     Epoch: 20/20    Test Average loss: 0.000, Accuracy: 6226/6300 (98.83%)
[2020-01-14 22:00:05 main.py:91] INFO     full training time =  0.089989 hours
[2020-01-14 22:01:04 main.py:48] INFO     datapath:/home/zhangfz/data/MNIST/train.csv
[2020-01-14 22:01:04 main.py:48] INFO     epoch:20
[2020-01-14 22:01:04 main.py:48] INFO     gamma:0.7
[2020-01-14 22:01:04 main.py:48] INFO     gpu:0
[2020-01-14 22:01:04 main.py:48] INFO     lr:0.01
[2020-01-14 22:01:04 main.py:48] INFO     momentum:0.9
[2020-01-14 22:01:04 main.py:48] INFO     resume:./results/checkpoint.pth
[2020-01-14 22:01:04 main.py:48] INFO     save_path:./results
[2020-01-14 22:01:04 main.py:48] INFO     stepsize:1
[2020-01-14 22:01:04 main.py:48] INFO     train_bsize:100
[2020-01-14 22:01:04 main.py:48] INFO     val_bsize:1
[2020-01-14 22:01:14 main.py:58] INFO     Number of model parameters: 61610
[2020-01-14 22:01:14 main.py:63] INFO     => loading checkpoint './results/checkpoint.pth'
[2020-01-14 22:01:14 main.py:69] INFO     => loaded checkpoint './results/checkpoint.pth'(epoch 19)
[2020-01-14 22:01:14 main.py:78] INFO     This is 19-th epoch
[2020-01-14 22:01:15 main.py:110] INFO     Epoch: 20/20   Training Loss: 0.017
[2020-01-14 22:01:42 main.py:48] INFO     datapath:/home/zhangfz/data/MNIST/train.csv
[2020-01-14 22:01:42 main.py:48] INFO     epoch:50
[2020-01-14 22:01:42 main.py:48] INFO     gamma:0.7
[2020-01-14 22:01:42 main.py:48] INFO     gpu:0
[2020-01-14 22:01:42 main.py:48] INFO     lr:0.01
[2020-01-14 22:01:42 main.py:48] INFO     momentum:0.9
[2020-01-14 22:01:42 main.py:48] INFO     resume:./results/checkpoint.pth
[2020-01-14 22:01:42 main.py:48] INFO     save_path:./results
[2020-01-14 22:01:42 main.py:48] INFO     stepsize:1
[2020-01-14 22:01:42 main.py:48] INFO     train_bsize:100
[2020-01-14 22:01:42 main.py:48] INFO     val_bsize:1
[2020-01-14 22:01:50 main.py:58] INFO     Number of model parameters: 61610
[2020-01-14 22:01:50 main.py:63] INFO     => loading checkpoint './results/checkpoint.pth'
[2020-01-14 22:01:50 main.py:69] INFO     => loaded checkpoint './results/checkpoint.pth'(epoch 19)
[2020-01-14 22:01:50 main.py:78] INFO     This is 19-th epoch
[2020-01-14 22:01:50 main.py:110] INFO     Epoch: 20/50   Training Loss: 0.061
[2020-01-14 22:02:03 main.py:127] INFO     Epoch: 20/50    Test Average loss: 0.000, Accuracy: 6267/6300 (99.48%)
[2020-01-14 22:02:03 main.py:78] INFO     This is 20-th epoch
[2020-01-14 22:02:03 main.py:110] INFO     Epoch: 21/50   Training Loss: 0.061
[2020-01-14 22:02:16 main.py:127] INFO     Epoch: 21/50    Test Average loss: 0.000, Accuracy: 6269/6300 (99.51%)
[2020-01-14 22:02:16 main.py:78] INFO     This is 21-th epoch
[2020-01-14 22:02:16 main.py:110] INFO     Epoch: 22/50   Training Loss: 0.054
[2020-01-14 22:02:28 main.py:127] INFO     Epoch: 22/50    Test Average loss: 0.000, Accuracy: 6267/6300 (99.48%)
[2020-01-14 22:02:28 main.py:78] INFO     This is 22-th epoch
[2020-01-14 22:02:29 main.py:110] INFO     Epoch: 23/50   Training Loss: 0.055
[2020-01-14 22:02:42 main.py:127] INFO     Epoch: 23/50    Test Average loss: 0.000, Accuracy: 6267/6300 (99.48%)
[2020-01-14 22:02:42 main.py:78] INFO     This is 23-th epoch
[2020-01-14 22:02:42 main.py:110] INFO     Epoch: 24/50   Training Loss: 0.056
[2020-01-14 22:02:54 main.py:127] INFO     Epoch: 24/50    Test Average loss: 0.000, Accuracy: 6266/6300 (99.46%)
[2020-01-14 22:02:54 main.py:78] INFO     This is 24-th epoch
[2020-01-14 22:02:55 main.py:110] INFO     Epoch: 25/50   Training Loss: 0.056
[2020-01-14 22:03:07 main.py:127] INFO     Epoch: 25/50    Test Average loss: 0.000, Accuracy: 6267/6300 (99.48%)
[2020-01-14 22:03:07 main.py:78] INFO     This is 25-th epoch
[2020-01-14 22:03:07 main.py:110] INFO     Epoch: 26/50   Training Loss: 0.056
[2020-01-14 22:03:20 main.py:127] INFO     Epoch: 26/50    Test Average loss: 0.000, Accuracy: 6267/6300 (99.48%)
[2020-01-14 22:03:20 main.py:78] INFO     This is 26-th epoch
[2020-01-14 22:03:20 main.py:110] INFO     Epoch: 27/50   Training Loss: 0.056
[2020-01-14 22:03:33 main.py:127] INFO     Epoch: 27/50    Test Average loss: 0.000, Accuracy: 6267/6300 (99.48%)
[2020-01-14 22:03:33 main.py:78] INFO     This is 27-th epoch
[2020-01-14 22:03:33 main.py:110] INFO     Epoch: 28/50   Training Loss: 0.056
[2020-01-14 22:03:46 main.py:127] INFO     Epoch: 28/50    Test Average loss: 0.000, Accuracy: 6267/6300 (99.48%)
[2020-01-14 22:03:46 main.py:78] INFO     This is 28-th epoch
[2020-01-14 22:03:46 main.py:110] INFO     Epoch: 29/50   Training Loss: 0.056
[2020-01-14 22:03:59 main.py:127] INFO     Epoch: 29/50    Test Average loss: 0.000, Accuracy: 6267/6300 (99.48%)
[2020-01-14 22:03:59 main.py:78] INFO     This is 29-th epoch
[2020-01-14 22:03:59 main.py:110] INFO     Epoch: 30/50   Training Loss: 0.056
[2020-01-14 22:04:12 main.py:127] INFO     Epoch: 30/50    Test Average loss: 0.000, Accuracy: 6267/6300 (99.48%)
[2020-01-14 22:04:12 main.py:78] INFO     This is 30-th epoch
[2020-01-14 22:04:12 main.py:110] INFO     Epoch: 31/50   Training Loss: 0.056
[2020-01-14 22:04:24 main.py:127] INFO     Epoch: 31/50    Test Average loss: 0.000, Accuracy: 6267/6300 (99.48%)
[2020-01-14 22:04:24 main.py:78] INFO     This is 31-th epoch
[2020-01-14 22:04:24 main.py:110] INFO     Epoch: 32/50   Training Loss: 0.056
[2020-01-14 22:04:38 main.py:127] INFO     Epoch: 32/50    Test Average loss: 0.000, Accuracy: 6267/6300 (99.48%)
[2020-01-14 22:04:38 main.py:78] INFO     This is 32-th epoch
[2020-01-14 22:04:38 main.py:110] INFO     Epoch: 33/50   Training Loss: 0.056
[2020-01-14 22:04:51 main.py:127] INFO     Epoch: 33/50    Test Average loss: 0.000, Accuracy: 6267/6300 (99.48%)
[2020-01-14 22:04:51 main.py:78] INFO     This is 33-th epoch
[2020-01-14 22:04:51 main.py:110] INFO     Epoch: 34/50   Training Loss: 0.056
[2020-01-14 22:05:04 main.py:127] INFO     Epoch: 34/50    Test Average loss: 0.000, Accuracy: 6267/6300 (99.48%)
[2020-01-14 22:05:04 main.py:78] INFO     This is 34-th epoch
[2020-01-14 22:05:04 main.py:110] INFO     Epoch: 35/50   Training Loss: 0.056
[2020-01-14 22:05:17 main.py:127] INFO     Epoch: 35/50    Test Average loss: 0.000, Accuracy: 6267/6300 (99.48%)
[2020-01-14 22:05:17 main.py:78] INFO     This is 35-th epoch
[2020-01-14 22:05:17 main.py:110] INFO     Epoch: 36/50   Training Loss: 0.056
[2020-01-14 22:05:29 main.py:127] INFO     Epoch: 36/50    Test Average loss: 0.000, Accuracy: 6267/6300 (99.48%)
[2020-01-14 22:05:29 main.py:78] INFO     This is 36-th epoch
[2020-01-14 22:05:29 main.py:110] INFO     Epoch: 37/50   Training Loss: 0.056
[2020-01-14 22:05:43 main.py:127] INFO     Epoch: 37/50    Test Average loss: 0.000, Accuracy: 6267/6300 (99.48%)
[2020-01-14 22:05:43 main.py:78] INFO     This is 37-th epoch
[2020-01-14 22:05:43 main.py:110] INFO     Epoch: 38/50   Training Loss: 0.056
[2020-01-14 22:05:56 main.py:127] INFO     Epoch: 38/50    Test Average loss: 0.000, Accuracy: 6267/6300 (99.48%)
[2020-01-14 22:05:56 main.py:78] INFO     This is 38-th epoch
[2020-01-14 22:05:56 main.py:110] INFO     Epoch: 39/50   Training Loss: 0.056
[2020-01-14 22:06:08 main.py:127] INFO     Epoch: 39/50    Test Average loss: 0.000, Accuracy: 6267/6300 (99.48%)
[2020-01-14 22:06:08 main.py:78] INFO     This is 39-th epoch
[2020-01-14 22:06:08 main.py:110] INFO     Epoch: 40/50   Training Loss: 0.056
[2020-01-14 22:06:21 main.py:127] INFO     Epoch: 40/50    Test Average loss: 0.000, Accuracy: 6267/6300 (99.48%)
[2020-01-14 22:06:21 main.py:78] INFO     This is 40-th epoch
[2020-01-14 22:06:21 main.py:110] INFO     Epoch: 41/50   Training Loss: 0.056
[2020-01-14 22:06:34 main.py:127] INFO     Epoch: 41/50    Test Average loss: 0.000, Accuracy: 6267/6300 (99.48%)
[2020-01-14 22:06:34 main.py:78] INFO     This is 41-th epoch
[2020-01-14 22:06:34 main.py:110] INFO     Epoch: 42/50   Training Loss: 0.056
[2020-01-14 22:06:47 main.py:127] INFO     Epoch: 42/50    Test Average loss: 0.000, Accuracy: 6267/6300 (99.48%)
[2020-01-14 22:06:47 main.py:78] INFO     This is 42-th epoch
[2020-01-14 22:06:47 main.py:110] INFO     Epoch: 43/50   Training Loss: 0.056
[2020-01-14 22:07:00 main.py:127] INFO     Epoch: 43/50    Test Average loss: 0.000, Accuracy: 6267/6300 (99.48%)
[2020-01-14 22:07:00 main.py:78] INFO     This is 43-th epoch
[2020-01-14 22:07:00 main.py:110] INFO     Epoch: 44/50   Training Loss: 0.056
[2020-01-14 22:07:12 main.py:127] INFO     Epoch: 44/50    Test Average loss: 0.000, Accuracy: 6267/6300 (99.48%)
[2020-01-14 22:07:12 main.py:78] INFO     This is 44-th epoch
[2020-01-14 22:07:12 main.py:110] INFO     Epoch: 45/50   Training Loss: 0.056
[2020-01-14 22:07:26 main.py:127] INFO     Epoch: 45/50    Test Average loss: 0.000, Accuracy: 6267/6300 (99.48%)
[2020-01-14 22:07:26 main.py:78] INFO     This is 45-th epoch
[2020-01-14 22:07:26 main.py:110] INFO     Epoch: 46/50   Training Loss: 0.056
[2020-01-14 22:07:39 main.py:127] INFO     Epoch: 46/50    Test Average loss: 0.000, Accuracy: 6267/6300 (99.48%)
[2020-01-14 22:07:39 main.py:78] INFO     This is 46-th epoch
[2020-01-14 22:07:40 main.py:110] INFO     Epoch: 47/50   Training Loss: 0.056
[2020-01-14 22:07:53 main.py:127] INFO     Epoch: 47/50    Test Average loss: 0.000, Accuracy: 6267/6300 (99.48%)
[2020-01-14 22:07:53 main.py:78] INFO     This is 47-th epoch
[2020-01-14 22:07:53 main.py:110] INFO     Epoch: 48/50   Training Loss: 0.056
[2020-01-14 22:08:06 main.py:127] INFO     Epoch: 48/50    Test Average loss: 0.000, Accuracy: 6267/6300 (99.48%)
[2020-01-14 22:08:06 main.py:78] INFO     This is 48-th epoch
[2020-01-14 22:08:07 main.py:110] INFO     Epoch: 49/50   Training Loss: 0.056
[2020-01-14 22:08:19 main.py:127] INFO     Epoch: 49/50    Test Average loss: 0.000, Accuracy: 6267/6300 (99.48%)
[2020-01-14 22:08:19 main.py:78] INFO     This is 49-th epoch
[2020-01-14 22:08:19 main.py:110] INFO     Epoch: 50/50   Training Loss: 0.056
[2020-01-14 22:08:32 main.py:127] INFO     Epoch: 50/50    Test Average loss: 0.000, Accuracy: 6267/6300 (99.48%)
[2020-01-14 22:08:32 main.py:91] INFO     full training time =  0.111753 hours
